<?xml version="1.0" encoding="UTF-8" ?>
<testsuite tests="3" failures="0" name="com.vcarecity.utils.SSDBClientTest" time="20.854" errors="0" skipped="0">
  <properties>
    <property name="java.runtime.name" value="Java(TM) SE Runtime Environment"/>
    <property name="sun.boot.library.path" value="C:\jdk1.8.0_121\jre\bin"/>
    <property name="java.vm.version" value="25.121-b13"/>
    <property name="java.vm.vendor" value="Oracle Corporation"/>
    <property name="maven.multiModuleProjectDirectory" value="F:\IdeaProjects\zimg\Jimg"/>
    <property name="java.vendor.url" value="http://java.oracle.com/"/>
    <property name="path.separator" value=";"/>
    <property name="guice.disable.misplaced.annotation.check" value="true"/>
    <property name="java.vm.name" value="Java HotSpot(TM) 64-Bit Server VM"/>
    <property name="file.encoding.pkg" value="sun.io"/>
    <property name="user.script" value=""/>
    <property name="user.country" value="CN"/>
    <property name="sun.java.launcher" value="SUN_STANDARD"/>
    <property name="sun.os.patch.level" value=""/>
    <property name="java.vm.specification.name" value="Java Virtual Machine Specification"/>
    <property name="user.dir" value="F:\IdeaProjects\zimg\Jimg"/>
    <property name="java.runtime.version" value="1.8.0_121-b13"/>
    <property name="java.awt.graphicsenv" value="sun.awt.Win32GraphicsEnvironment"/>
    <property name="java.endorsed.dirs" value="C:\jdk1.8.0_121\jre\lib\endorsed"/>
    <property name="os.arch" value="amd64"/>
    <property name="java.io.tmpdir" value="C:\Users\wsq\AppData\Local\Temp\"/>
    <property name="line.separator" value="
"/>
    <property name="java.vm.specification.vendor" value="Oracle Corporation"/>
    <property name="user.variant" value=""/>
    <property name="os.name" value="Windows 10"/>
    <property name="maven.ext.class.path" value="C:\JetBrains\apps\IDEA-U\ch-0\193.5662.53\plugins\maven\lib\maven-event-listener.jar"/>
    <property name="classworlds.conf" value="C:\JetBrains\apps\IDEA-U\ch-0\193.5662.53\plugins\maven\lib\maven3\bin\m2.conf"/>
    <property name="sun.jnu.encoding" value="GBK"/>
    <property name="java.library.path" value="C:\jdk1.8.0_121\bin;C:\windows\Sun\Java\bin;C:\windows\system32;C:\windows;D:\Program Files\Python38\Scripts\;D:\Program Files\Python38\;D:\Program Files\Python37\Scripts\;D:\Program Files\Python37\;D:\Program Files (x86)\NetSarang\Xmanager 6\;D:\Program Files (x86)\NetSarang\Xlpd 6\;D:\Program Files (x86)\NetSarang\Xftp 6\;D:\Program Files (x86)\NetSarang\Xshell 6\;E:\app\wsq\product\12.1.0\dbhome_1\bin;D:\app\wsq\product\11.2.0\client_2\bin;D:\app\wsq\product\11.2.0\client_1\bin;D:\app\wsq\product\11.2.0\dbhome_1\bin;C:\ProgramData\Oracle\Java\javapath;C:\WINDOWS\system32;C:\WINDOWS;C:\WINDOWS\System32\Wbem;C:\WINDOWS\System32\WindowsPowerShell\v1.0\;C:\Program Files\Microsoft SQL Server\110\Tools\Binn\;D:\apache-maven-3.3.3\bin;C:\Program Files\IDM Computer Solutions\UltraEdit;C:\Program Files (x86)\NVIDIA Corporation\PhysX\Common;C:\Program Files (x86)\GTK2-Runtime\bin;C:\windows\system32\config\systemprofile\.dnx\bin;C:\Program Files\Microsoft DNX\Dnvm\;C:\Program Files\Microsoft SQL Server\120\Tools\Binn\;C:\Program Files\Microsoft SQL Server\130\Tools\Binn\;C:\Program Files (x86)\Microsoft Emulator Manager\1.0\;E:\ruff-sdk-win-1.0.0\bin;C:\windows\system32;C:\windows;C:\windows\System32\Wbem;C:\windows\System32\WindowsPowerShell\v1.0\;E:\mongodb\Server\3.4\bin;C:\Program Files\Git\cmd;C:\Program Files\Git\mingw64\bin;C:\Program Files\Git\usr\bin;C:\Program Files (x86)\Windows Kits\10\Windows Performance Toolkit\;C:\Program Files\dotnet\;C:\Program Files (x86)\Flash Magic;C:\Program Files (x86)\szzfcg\tbqw\;H:\nvm;H:\nodejs;H:\nvm\node_cache;H:\nvm\node_global;E:\apache-ant-1.10.1\bin;H:\gradle-4.1\bin;D:\Program Files\Sqlite3;C:\windows\System32\OpenSSH\;C:\Program Files (x86)\Microsoft SQL Server\Client SDK\ODBC\130\Tools\Binn\;C:\Program Files (x86)\Microsoft SQL Server\140\Tools\Binn\;C:\Program Files (x86)\Microsoft SQL Server\140\DTS\Binn\;C:\Program Files (x86)\Microsoft SQL Server\140\Tools\Binn\ManagementStudio\;C:\Program Files (x86)\Microsoft VS Code\bin;C:\Program Files\TortoiseSVN\bin;C:\Program Files (x86)\Calibre2\;C:\Program Files\CMake\bin;D:\Go\bin;C:\Program Files\TortoiseGit\bin;D:\Python\Python36\Scripts\;D:\Python\Python36\;C:\Program Files (x86)\IDM Computer Solutions\UltraCompare\;C:\Program Files (x86)\Microsoft VS Code\bin;C:\Users\wsq\AppData\Local\Pandoc\;C:\Users\wsq\AppData\Local\Microsoft\WindowsApps;H:\nvm;H:\nodejs;E:\Program Files\Fiddler;C:\Users\wsq\AppData\Local\Microsoft\WindowsApps;D:\Program Files\Microsoft VS Code Insiders\bin;D:\Go\bin;C:\Users\wsq\go\bin;."/>
    <property name="maven.conf" value="C:\JetBrains\apps\IDEA-U\ch-0\193.5662.53\plugins\maven\lib\maven3/conf"/>
    <property name="java.specification.name" value="Java Platform API Specification"/>
    <property name="java.class.version" value="52.0"/>
    <property name="sun.management.compiler" value="HotSpot 64-Bit Tiered Compilers"/>
    <property name="os.version" value="10.0"/>
    <property name="idea.version2019.3.1" value="true"/>
    <property name="user.home" value="C:\Users\wsq"/>
    <property name="user.timezone" value="Asia/Shanghai"/>
    <property name="java.awt.printerjob" value="sun.awt.windows.WPrinterJob"/>
    <property name="java.specification.version" value="1.8"/>
    <property name="file.encoding" value="UTF-8"/>
    <property name="user.name" value="wsq"/>
    <property name="java.class.path" value="C:\JetBrains\apps\IDEA-U\ch-0\193.5662.53\plugins\maven\lib\maven3\boot\plexus-classworlds-2.6.0.jar;C:\JetBrains\apps\IDEA-U\ch-0\193.5662.53\lib\idea_rt.jar"/>
    <property name="java.vm.specification.version" value="1.8"/>
    <property name="sun.arch.data.model" value="64"/>
    <property name="java.home" value="C:\jdk1.8.0_121\jre"/>
    <property name="sun.java.command" value="org.codehaus.classworlds.Launcher -Didea.version2019.3.1 install"/>
    <property name="java.specification.vendor" value="Oracle Corporation"/>
    <property name="user.language" value="zh"/>
    <property name="awt.toolkit" value="sun.awt.windows.WToolkit"/>
    <property name="java.vm.info" value="mixed mode"/>
    <property name="java.version" value="1.8.0_121"/>
    <property name="java.ext.dirs" value="C:\jdk1.8.0_121\jre\lib\ext;C:\windows\Sun\Java\lib\ext"/>
    <property name="sun.boot.class.path" value="C:\jdk1.8.0_121\jre\lib\resources.jar;C:\jdk1.8.0_121\jre\lib\rt.jar;C:\jdk1.8.0_121\jre\lib\sunrsasign.jar;C:\jdk1.8.0_121\jre\lib\jsse.jar;C:\jdk1.8.0_121\jre\lib\jce.jar;C:\jdk1.8.0_121\jre\lib\charsets.jar;C:\jdk1.8.0_121\jre\lib\jfr.jar;C:\jdk1.8.0_121\jre\classes"/>
    <property name="java.vendor" value="Oracle Corporation"/>
    <property name="maven.home" value="C:\JetBrains\apps\IDEA-U\ch-0\193.5662.53\plugins\maven\lib\maven3"/>
    <property name="file.separator" value="\"/>
    <property name="java.vendor.url.bug" value="http://bugreport.sun.com/bugreport/"/>
    <property name="sun.cpu.endian" value="little"/>
    <property name="sun.io.unicode.encoding" value="UnicodeLittle"/>
    <property name="sun.desktop" value="windows"/>
    <property name="sun.cpu.isalist" value="amd64"/>
  </properties>
  <testcase classname="com.vcarecity.utils.SSDBClientTest" name="Test03" time="20.824"/>
  <testcase classname="com.vcarecity.utils.SSDBClientTest" name="test01" time="0.029"/>
  <testcase classname="com.vcarecity.utils.SSDBClientTest" name="test02" time="0.001"/>
</testsuite>